# JRE version: Java(TM) SE Runtime Environment (8.0_221-b11) (build 1.8.0_221-b11)
# Java VM: Java HotSpot(TM) 64-Bit Server VM (25.221-b11 mixed mode windows-amd64 compressed oops)
Heap:
 PSYoungGen      total 221696K, used 192383K [0x00000000d5f00000, 0x00000000e4780000, 0x0000000100000000)
  eden space 206336K, 93% used [0x00000000d5f00000,0x00000000e1adfd98,0x00000000e2880000)
  from space 15360K, 0% used [0x00000000e2880000,0x00000000e2880000,0x00000000e3780000)
  to   space 14336K, 0% used [0x00000000e3780000,0x00000000e3780000,0x00000000e4580000)
 ParOldGen       total 92160K, used 36783K [0x0000000081c00000, 0x0000000087600000, 0x00000000d5f00000)
  object space 92160K, 39% used [0x0000000081c00000,0x0000000083febcf0,0x0000000087600000)
 Metaspace       used 61856K, capacity 63958K, committed 64168K, reserved 1105920K
  class space    used 7883K, capacity 8301K, committed 8368K, reserved 1048576K
GC Heap History (10 events):
Event: 7.675 GC heap before
{Heap before GC invocations=14 (full 2):
 PSYoungGen      total 140288K, used 137472K [0x00000000d5f00000, 0x00000000e1800000, 0x0000000100000000)
  eden space 128512K, 100% used [0x00000000d5f00000,0x00000000ddc80000,0x00000000ddc80000)
  from space 11776K, 76% used [0x00000000ddc80000,0x00000000de540120,0x00000000de800000)
  to   space 12288K, 0% used [0x00000000e0c00000,0x00000000e0c00000,0x00000000e1800000)
 ParOldGen       total 92160K, used 16422K [0x0000000081c00000, 0x0000000087600000, 0x00000000d5f00000)
  object space 92160K, 17% used [0x0000000081c00000,0x0000000082c09b58,0x0000000087600000)
 Metaspace       used 44979K, capacity 46284K, committed 46504K, reserved 1089536K
  class space    used 5763K, capacity 6036K, committed 6064K, reserved 1048576K
Event: 7.693 GC heap after
Heap after GC invocations=14 (full 2):
 PSYoungGen      total 175104K, used 12256K [0x00000000d5f00000, 0x00000000e1a00000, 0x0000000100000000)
  eden space 162816K, 0% used [0x00000000d5f00000,0x00000000d5f00000,0x00000000dfe00000)
  from space 12288K, 99% used [0x00000000e0c00000,0x00000000e17f80b0,0x00000000e1800000)
  to   space 14336K, 0% used [0x00000000dfe00000,0x00000000dfe00000,0x00000000e0c00000)
 ParOldGen       total 92160K, used 18594K [0x0000000081c00000, 0x0000000087600000, 0x00000000d5f00000)
  object space 92160K, 20% used [0x0000000081c00000,0x0000000082e28ad0,0x0000000087600000)
 Metaspace       used 44979K, capacity 46284K, committed 46504K, reserved 1089536K
  class space    used 5763K, capacity 6036K, committed 6064K, reserved 1048576K
}
Event: 8.659 GC heap before
{Heap before GC invocations=15 (full 2):
 PSYoungGen      total 175104K, used 175072K [0x00000000d5f00000, 0x00000000e1a00000, 0x0000000100000000)
  eden space 162816K, 100% used [0x00000000d5f00000,0x00000000dfe00000,0x00000000dfe00000)
  from space 12288K, 99% used [0x00000000e0c00000,0x00000000e17f80b0,0x00000000e1800000)
  to   space 14336K, 0% used [0x00000000dfe00000,0x00000000dfe00000,0x00000000e0c00000)
 ParOldGen       total 92160K, used 18594K [0x0000000081c00000, 0x0000000087600000, 0x00000000d5f00000)
  object space 92160K, 20% used [0x0000000081c00000,0x0000000082e28ad0,0x0000000087600000)
 Metaspace       used 49251K, capacity 50896K, committed 51240K, reserved 1093632K
  class space    used 6293K, capacity 6620K, committed 6704K, reserved 1048576K
Event: 8.675 GC heap after
Heap after GC invocations=15 (full 2):
 PSYoungGen      total 177152K, used 9525K [0x00000000d5f00000, 0x00000000e4580000, 0x0000000100000000)
  eden space 162816K, 0% used [0x00000000d5f00000,0x00000000d5f00000,0x00000000dfe00000)
  from space 14336K, 66% used [0x00000000dfe00000,0x00000000e074d7a8,0x00000000e0c00000)
  to   space 14336K, 0% used [0x00000000e3780000,0x00000000e3780000,0x00000000e4580000)
 ParOldGen       total 92160K, used 28564K [0x0000000081c00000, 0x0000000087600000, 0x00000000d5f00000)
  object space 92160K, 30% used [0x0000000081c00000,0x00000000837e5128,0x0000000087600000)
 Metaspace       used 49251K, capacity 50896K, committed 51240K, reserved 1093632K
  class space    used 6293K, capacity 6620K, committed 6704K, reserved 1048576K
}
Event: 9.924 GC heap before
{Heap before GC invocations=16 (full 2):
 PSYoungGen      total 177152K, used 172341K [0x00000000d5f00000, 0x00000000e4580000, 0x0000000100000000)
  eden space 162816K, 100% used [0x00000000d5f00000,0x00000000dfe00000,0x00000000dfe00000)
  from space 14336K, 66% used [0x00000000dfe00000,0x00000000e074d7a8,0x00000000e0c00000)
  to   space 14336K, 0% used [0x00000000e3780000,0x00000000e3780000,0x00000000e4580000)
 ParOldGen       total 92160K, used 28564K [0x0000000081c00000, 0x0000000087600000, 0x00000000d5f00000)
  object space 92160K, 30% used [0x0000000081c00000,0x00000000837e5128,0x0000000087600000)
 Metaspace       used 54049K, capacity 55880K, committed 56104K, reserved 1097728K
  class space    used 6825K, capacity 7168K, committed 7216K, reserved 1048576K
Event: 9.943 GC heap after
Heap after GC invocations=16 (full 2):
 PSYoungGen      total 220672K, used 13060K [0x00000000d5f00000, 0x00000000e4780000, 0x0000000100000000)
  eden space 206336K, 0% used [0x00000000d5f00000,0x00000000d5f00000,0x00000000e2880000)
  from space 14336K, 91% used [0x00000000e3780000,0x00000000e4441190,0x00000000e4580000)
  to   space 15360K, 0% used [0x00000000e2880000,0x00000000e2880000,0x00000000e3780000)
 ParOldGen       total 92160K, used 28572K [0x0000000081c00000, 0x0000000087600000, 0x00000000d5f00000)
  object space 92160K, 31% used [0x0000000081c00000,0x00000000837e7128,0x0000000087600000)
 Metaspace       used 54049K, capacity 55880K, committed 56104K, reserved 1097728K
  class space    used 6825K, capacity 7168K, committed 7216K, reserved 1048576K
}
Event: 10.672 GC heap before
{Heap before GC invocations=17 (full 2):
 PSYoungGen      total 220672K, used 88399K [0x00000000d5f00000, 0x00000000e4780000, 0x0000000100000000)
  eden space 206336K, 36% used [0x00000000d5f00000,0x00000000da892b50,0x00000000e2880000)
  from space 14336K, 91% used [0x00000000e3780000,0x00000000e4441190,0x00000000e4580000)
  to   space 15360K, 0% used [0x00000000e2880000,0x00000000e2880000,0x00000000e3780000)
 ParOldGen       total 92160K, used 28572K [0x0000000081c00000, 0x0000000087600000, 0x00000000d5f00000)
  object space 92160K, 31% used [0x0000000081c00000,0x00000000837e7128,0x0000000087600000)
 Metaspace       used 57160K, capacity 59046K, committed 59160K, reserved 1101824K
  class space    used 7208K, capacity 7563K, committed 7600K, reserved 1048576K
Event: 10.704 GC heap after
Heap after GC invocations=17 (full 2):
 PSYoungGen      total 221696K, used 13639K [0x00000000d5f00000, 0x00000000e4780000, 0x0000000100000000)
  eden space 206336K, 0% used [0x00000000d5f00000,0x00000000d5f00000,0x00000000e2880000)
  from space 15360K, 88% used [0x00000000e2880000,0x00000000e35d1c28,0x00000000e3780000)
  to   space 14336K, 0% used [0x00000000e3780000,0x00000000e3780000,0x00000000e4580000)
 ParOldGen       total 92160K, used 28580K [0x0000000081c00000, 0x0000000087600000, 0x00000000d5f00000)
  object space 92160K, 31% used [0x0000000081c00000,0x00000000837e9128,0x0000000087600000)
 Metaspace       used 57160K, capacity 59046K, committed 59160K, reserved 1101824K
  class space    used 7208K, capacity 7563K, committed 7600K, reserved 1048576K
}
Event: 10.704 GC heap before
{Heap before GC invocations=18 (full 3):
 PSYoungGen      total 221696K, used 13639K [0x00000000d5f00000, 0x00000000e4780000, 0x0000000100000000)
  eden space 206336K, 0% used [0x00000000d5f00000,0x00000000d5f00000,0x00000000e2880000)
  from space 15360K, 88% used [0x00000000e2880000,0x00000000e35d1c28,0x00000000e3780000)
  to   space 14336K, 0% used [0x00000000e3780000,0x00000000e3780000,0x00000000e4580000)
 ParOldGen       total 92160K, used 28580K [0x0000000081c00000, 0x0000000087600000, 0x00000000d5f00000)
  object space 92160K, 31% used [0x0000000081c00000,0x00000000837e9128,0x0000000087600000)
 Metaspace       used 57160K, capacity 59046K, committed 59160K, reserved 1101824K
  class space    used 7208K, capacity 7563K, committed 7600K, reserved 1048576K
Event: 10.937 GC heap after
Heap after GC invocations=18 (full 3):
 PSYoungGen      total 221696K, used 0K [0x00000000d5f00000, 0x00000000e4780000, 0x0000000100000000)
  eden space 206336K, 0% used [0x00000000d5f00000,0x00000000d5f00000,0x00000000e2880000)
  from space 15360K, 0% used [0x00000000e2880000,0x00000000e2880000,0x00000000e3780000)
  to   space 14336K, 0% used [0x00000000e3780000,0x00000000e3780000,0x00000000e4580000)
 ParOldGen       total 92160K, used 36783K [0x0000000081c00000, 0x0000000087600000, 0x00000000d5f00000)
  object space 92160K, 39% used [0x0000000081c00000,0x0000000083febcf0,0x0000000087600000)
 Metaspace       used 57160K, capacity 59046K, committed 59160K, reserved 1101824K
  class space    used 7208K, capacity 7563K, committed 7600K, reserved 1048576K
}

